<?xml version="1.0" encoding="UTF-8"?>
<testng-results ignored="0" total="1" passed="1" failed="0" skipped="0">
  <reporter-output>
  </reporter-output>
  <suite started-at="2022-10-15T10:21:37 IST" name="Default suite" finished-at="2022-10-15T10:21:38 IST" duration-ms="76">
    <groups>
    </groups>
    <test started-at="2022-10-15T10:21:37 IST" name="Default test" finished-at="2022-10-15T10:21:38 IST" duration-ms="76">
      <class name="sample.DemoTest">
        <test-method signature="method()[pri:0, instance:sample.DemoTest@22e357dc]" started-at="2022-10-15T10:21:38 IST" name="method" finished-at="2022-10-15T10:21:38 IST" duration-ms="18" status="PASS">
          <reporter-output>
          </reporter-output>
        </test-method> <!-- method -->
      </class> <!-- sample.DemoTest -->
    </test> <!-- Default test -->
  </suite> <!-- Default suite -->
</testng-results>
